<?xml version="1.0" encoding="UTF-8"?>
<!-- Generated by org.testng.reporters.JUnitXMLReporter -->
<testsuite ignored="0" hostname="DESKTOP-KTNQ8O5" failures="0" tests="7" name="Default test" time="4.683" errors="0" timestamp="2023-10-13T12:38:12 EDT">
  <testcase classname="test.UserTest" name="Testcreateuser" time="2.727"/>
  <testcase classname="test.UserTest" name="Testdeleteuser" time="0.429"/>
  <testcase classname="test.UserTest" name="Testgetuser" time="0.062"/>
  <testcase classname="test.UserTest" name="Testlistusers" time="0.076"/>
  <testcase classname="test.UserTest" name="Testpatchuser" time="0.256"/>
  <testcase classname="test.UserTest" name="Testupdateuser" time="0.436"/>
  <testcase classname="test.UserTest" name="Testusernotfound" time="0.286"/>
</testsuite> <!-- Default test -->
