<?xml version="1.0" encoding="UTF-8"?>
<testng-results ignored="0" total="7" passed="7" failed="0" skipped="0">
  <reporter-output>
  </reporter-output>
  <suite started-at="2023-10-13T12:38:07 EDT" name="Default suite" finished-at="2023-10-13T12:38:12 EDT" duration-ms="4683">
    <groups>
    </groups>
    <test started-at="2023-10-13T12:38:07 EDT" name="Default test" finished-at="2023-10-13T12:38:12 EDT" duration-ms="4683">
      <class name="test.UserTest">
        <test-method is-config="true" signature="setupdata()[pri:0, instance:test.UserTest@484970b0]" started-at="2023-10-13T12:38:07 EDT" name="setupdata" finished-at="2023-10-13T12:38:08 EDT" duration-ms="336" status="PASS">
          <reporter-output>
          </reporter-output>
        </test-method> <!-- setupdata -->
        <test-method signature="Testcreateuser()[pri:0, instance:test.UserTest@484970b0]" started-at="2023-10-13T12:38:08 EDT" name="Testcreateuser" finished-at="2023-10-13T12:38:10 EDT" duration-ms="2727" status="PASS">
          <reporter-output>
          </reporter-output>
        </test-method> <!-- Testcreateuser -->
        <test-method signature="Testdeleteuser()[pri:0, instance:test.UserTest@484970b0]" started-at="2023-10-13T12:38:10 EDT" name="Testdeleteuser" finished-at="2023-10-13T12:38:11 EDT" duration-ms="429" status="PASS">
          <reporter-output>
          </reporter-output>
        </test-method> <!-- Testdeleteuser -->
        <test-method signature="Testgetuser()[pri:0, instance:test.UserTest@484970b0]" started-at="2023-10-13T12:38:11 EDT" name="Testgetuser" finished-at="2023-10-13T12:38:11 EDT" duration-ms="62" status="PASS">
          <reporter-output>
          </reporter-output>
        </test-method> <!-- Testgetuser -->
        <test-method signature="Testlistusers()[pri:0, instance:test.UserTest@484970b0]" started-at="2023-10-13T12:38:11 EDT" name="Testlistusers" finished-at="2023-10-13T12:38:11 EDT" duration-ms="76" status="PASS">
          <reporter-output>
          </reporter-output>
        </test-method> <!-- Testlistusers -->
        <test-method signature="Testpatchuser()[pri:0, instance:test.UserTest@484970b0]" started-at="2023-10-13T12:38:11 EDT" name="Testpatchuser" finished-at="2023-10-13T12:38:11 EDT" duration-ms="256" status="PASS">
          <reporter-output>
          </reporter-output>
        </test-method> <!-- Testpatchuser -->
        <test-method signature="Testupdateuser()[pri:0, instance:test.UserTest@484970b0]" started-at="2023-10-13T12:38:11 EDT" name="Testupdateuser" finished-at="2023-10-13T12:38:12 EDT" duration-ms="436" status="PASS">
          <reporter-output>
          </reporter-output>
        </test-method> <!-- Testupdateuser -->
        <test-method signature="Testusernotfound()[pri:0, instance:test.UserTest@484970b0]" started-at="2023-10-13T12:38:12 EDT" name="Testusernotfound" finished-at="2023-10-13T12:38:12 EDT" duration-ms="286" status="PASS">
          <reporter-output>
          </reporter-output>
        </test-method> <!-- Testusernotfound -->
      </class> <!-- test.UserTest -->
    </test> <!-- Default test -->
  </suite> <!-- Default suite -->
</testng-results>
